<?xml version="1.0" encoding="UTF-8"?>
<testng-results ignored="0" total="1" passed="1" failed="0" skipped="0">
  <reporter-output>
  </reporter-output>
  <suite started-at="2026-07-07T23:40:49 IST" name="Default suite" finished-at="2026-07-07T23:41:03 IST" duration-ms="14133">
    <groups>
    </groups>
    <test started-at="2026-07-07T23:40:49 IST" name="Default test" finished-at="2026-07-07T23:41:03 IST" duration-ms="14133">
      <class name="assignments.Assignment24_Headless_automationOrangeHRMLogin">
        <test-method signature="loginOrangeHRM()[pri:0, instance:assignments.Assignment24_Headless_automationOrangeHRMLogin@4562e04d]" started-at="2026-07-07T23:40:49 IST" name="loginOrangeHRM" finished-at="2026-07-07T23:41:03 IST" duration-ms="14071" status="PASS">
          <reporter-output>
          </reporter-output>
        </test-method> <!-- loginOrangeHRM -->
      </class> <!-- assignments.Assignment24_Headless_automationOrangeHRMLogin -->
    </test> <!-- Default test -->
  </suite> <!-- Default suite -->
</testng-results>
