<?xml version="1.0" encoding="UTF-8"?>
<testng-results ignored="0" total="1" passed="1" failed="0" skipped="0">
  <reporter-output>
  </reporter-output>
  <suite started-at="2026-07-05T13:23:34 IST" name="Default suite" finished-at="2026-07-05T13:23:41 IST" duration-ms="7182">
    <groups>
    </groups>
    <test started-at="2026-07-05T13:23:34 IST" name="Default test" finished-at="2026-07-05T13:23:41 IST" duration-ms="7182">
      <class name="practise.Assignment_FindTotalSumOfPriceColumn">
        <test-method signature="verifyTotalSumOfPrice()[pri:0, instance:practise.Assignment_FindTotalSumOfPriceColumn@313ac989]" started-at="2026-07-05T13:23:34 IST" name="verifyTotalSumOfPrice" finished-at="2026-07-05T13:23:41 IST" duration-ms="7101" status="PASS">
          <reporter-output>
          </reporter-output>
        </test-method> <!-- verifyTotalSumOfPrice -->
      </class> <!-- practise.Assignment_FindTotalSumOfPriceColumn -->
    </test> <!-- Default test -->
  </suite> <!-- Default suite -->
</testng-results>
