<?xml version="1.0" encoding="UTF-8"?>
<!-- Generated by org.testng.reporters.JUnitReportReporter -->
<testsuite hostname="DESKTOP-28VTIPB" failures="0" tests="1" name="assignments.Assignment24_Headless_automationOrangeHRMLogin" time="14.071" errors="0" timestamp="2026-07-07T23:41:03 IST" skipped="0">
  <testcase classname="assignments.Assignment24_Headless_automationOrangeHRMLogin" name="loginOrangeHRM" time="14.071"/>
</testsuite> <!-- assignments.Assignment24_Headless_automationOrangeHRMLogin -->
