<?xml version="1.0" encoding="UTF-8"?>
<!-- Generated by org.testng.reporters.JUnitReportReporter -->
<testsuite hostname="DESKTOP-28VTIPB" failures="0" tests="1" name="assignments.Assignment_VerifyTheCellValueInDynamicTable" time="8.090" errors="0" timestamp="2026-07-05T12:44:56 IST" skipped="0">
  <testcase classname="assignments.Assignment_VerifyTheCellValueInDynamicTable" name="verifyTheCellValueInATable" time="8.090"/>
</testsuite> <!-- assignments.Assignment_VerifyTheCellValueInDynamicTable -->
